<?xml version="1.0" encoding="UTF-8"?>
<testng-results ignored="0" total="1" passed="1" failed="0" skipped="0">
  <reporter-output>
  </reporter-output>
  <suite started-at="2025-06-03T05:58:37 IST" name="Default suite" finished-at="2025-06-03T05:58:37 IST" duration-ms="63">
    <groups>
    </groups>
    <test started-at="2025-06-03T05:58:37 IST" name="Default test" finished-at="2025-06-03T05:58:37 IST" duration-ms="63">
      <class name="suite.NewTest">
        <test-method signature="f()[pri:0, instance:suite.NewTest@3023df74]" started-at="2025-06-03T05:58:37 IST" name="f" finished-at="2025-06-03T05:58:37 IST" duration-ms="8" status="PASS">
          <reporter-output>
          </reporter-output>
        </test-method> <!-- f -->
      </class> <!-- suite.NewTest -->
    </test> <!-- Default test -->
  </suite> <!-- Default suite -->
</testng-results>
